CRITICAL - 2023-10-01 02:07:36 --> Allowed memory size of 536870912 bytes exhausted (tried to allocate 45056 bytes)
in APPPATH\Views\inc\content.php on line 3.
 1 [internal function]: CodeIgniter\Debug\Exceptions->shutdownHandler()
CRITICAL - 2023-10-01 02:09:27 --> Allowed memory size of 536870912 bytes exhausted (tried to allocate 45056 bytes)
in APPPATH\Views\inc\content.php on line 6.
 1 [internal function]: CodeIgniter\Debug\Exceptions->shutdownHandler()
CRITICAL - 2023-10-01 02:14:26 --> Allowed memory size of 536870912 bytes exhausted (tried to allocate 45056 bytes)
in APPPATH\Views\inc\content.php on line 5.
 1 [internal function]: CodeIgniter\Debug\Exceptions->shutdownHandler()
CRITICAL - 2023-10-01 02:17:37 --> Allowed memory size of 536870912 bytes exhausted (tried to allocate 45056 bytes)
in APPPATH\Views\inc\content.php on line 5.
 1 [internal function]: CodeIgniter\Debug\Exceptions->shutdownHandler()
CRITICAL - 2023-10-01 02:18:29 --> Allowed memory size of 536870912 bytes exhausted (tried to allocate 45056 bytes)
in APPPATH\Views\inc\content.php on line 5.
 1 [internal function]: CodeIgniter\Debug\Exceptions->shutdownHandler()
CRITICAL - 2023-10-01 02:57:28 --> "auth" filter must have a matching alias defined.
in SYSTEMPATH\Filters\Filters.php on line 576.
 1 SYSTEMPATH\Filters\Filters.php(576): CodeIgniter\Filters\Exceptions\FilterException::forNoAlias('auth')
 2 SYSTEMPATH\Filters\Filters.php(259): CodeIgniter\Filters\Filters->processAliasesToClass('before')
 3 SYSTEMPATH\Filters\Filters.php(170): CodeIgniter\Filters\Filters->initialize('')
 4 SYSTEMPATH\CodeIgniter.php(466): CodeIgniter\Filters\Filters->run('', 'before')
 5 SYSTEMPATH\CodeIgniter.php(353): CodeIgniter\CodeIgniter->handleRequest(null, Object(Config\Cache), false)
 6 FCPATH\index.php(79): CodeIgniter\CodeIgniter->run()
 7 SYSTEMPATH\Commands\Server\rewrite.php(47): require_once('C:\\laragon\\www\\ITC\\public\\index.php')
CRITICAL - 2023-10-01 03:01:23 --> "auth" filter must have a matching alias defined.
in SYSTEMPATH\Filters\Filters.php on line 576.
 1 SYSTEMPATH\Filters\Filters.php(576): CodeIgniter\Filters\Exceptions\FilterException::forNoAlias('auth')
 2 SYSTEMPATH\Filters\Filters.php(259): CodeIgniter\Filters\Filters->processAliasesToClass('before')
 3 SYSTEMPATH\Filters\Filters.php(170): CodeIgniter\Filters\Filters->initialize('')
 4 SYSTEMPATH\CodeIgniter.php(466): CodeIgniter\Filters\Filters->run('', 'before')
 5 SYSTEMPATH\CodeIgniter.php(353): CodeIgniter\CodeIgniter->handleRequest(null, Object(Config\Cache), false)
 6 FCPATH\index.php(79): CodeIgniter\CodeIgniter->run()
 7 SYSTEMPATH\Commands\Server\rewrite.php(47): require_once('C:\\laragon\\www\\ITC\\public\\index.php')
CRITICAL - 2023-10-01 03:01:35 --> "auth" filter must have a matching alias defined.
in SYSTEMPATH\Filters\Filters.php on line 576.
 1 SYSTEMPATH\Filters\Filters.php(576): CodeIgniter\Filters\Exceptions\FilterException::forNoAlias('auth')
 2 SYSTEMPATH\Filters\Filters.php(259): CodeIgniter\Filters\Filters->processAliasesToClass('before')
 3 SYSTEMPATH\Filters\Filters.php(170): CodeIgniter\Filters\Filters->initialize('')
 4 SYSTEMPATH\CodeIgniter.php(466): CodeIgniter\Filters\Filters->run('', 'before')
 5 SYSTEMPATH\CodeIgniter.php(353): CodeIgniter\CodeIgniter->handleRequest(null, Object(Config\Cache), false)
 6 FCPATH\index.php(79): CodeIgniter\CodeIgniter->run()
 7 SYSTEMPATH\Commands\Server\rewrite.php(47): require_once('C:\\laragon\\www\\ITC\\public\\index.php')
CRITICAL - 2023-10-01 03:04:16 --> "auth" filter must have a matching alias defined.
in SYSTEMPATH\Filters\Filters.php on line 576.
 1 SYSTEMPATH\Filters\Filters.php(576): CodeIgniter\Filters\Exceptions\FilterException::forNoAlias('auth')
 2 SYSTEMPATH\Filters\Filters.php(259): CodeIgniter\Filters\Filters->processAliasesToClass('before')
 3 SYSTEMPATH\Filters\Filters.php(170): CodeIgniter\Filters\Filters->initialize('')
 4 SYSTEMPATH\CodeIgniter.php(466): CodeIgniter\Filters\Filters->run('', 'before')
 5 SYSTEMPATH\CodeIgniter.php(353): CodeIgniter\CodeIgniter->handleRequest(null, Object(Config\Cache), false)
 6 FCPATH\index.php(79): CodeIgniter\CodeIgniter->run()
 7 SYSTEMPATH\Commands\Server\rewrite.php(47): require_once('C:\\laragon\\www\\ITC\\public\\index.php')
CRITICAL - 2023-10-01 03:05:04 --> "auth" filter must have a matching alias defined.
in SYSTEMPATH\Filters\Filters.php on line 576.
 1 SYSTEMPATH\Filters\Filters.php(576): CodeIgniter\Filters\Exceptions\FilterException::forNoAlias('auth')
 2 SYSTEMPATH\Filters\Filters.php(259): CodeIgniter\Filters\Filters->processAliasesToClass('before')
 3 SYSTEMPATH\Filters\Filters.php(170): CodeIgniter\Filters\Filters->initialize('products/productcontroller')
 4 SYSTEMPATH\CodeIgniter.php(466): CodeIgniter\Filters\Filters->run('products/ProductController', 'before')
 5 SYSTEMPATH\CodeIgniter.php(353): CodeIgniter\CodeIgniter->handleRequest(null, Object(Config\Cache), false)
 6 FCPATH\index.php(79): CodeIgniter\CodeIgniter->run()
 7 SYSTEMPATH\Commands\Server\rewrite.php(47): require_once('C:\\laragon\\www\\ITC\\public\\index.php')
CRITICAL - 2023-10-01 07:59:44 --> "auth" filter must have a matching alias defined.
in SYSTEMPATH\Filters\Filters.php on line 576.
 1 SYSTEMPATH\Filters\Filters.php(576): CodeIgniter\Filters\Exceptions\FilterException::forNoAlias('auth')
 2 SYSTEMPATH\Filters\Filters.php(259): CodeIgniter\Filters\Filters->processAliasesToClass('before')
 3 SYSTEMPATH\Filters\Filters.php(170): CodeIgniter\Filters\Filters->initialize('')
 4 SYSTEMPATH\CodeIgniter.php(466): CodeIgniter\Filters\Filters->run('', 'before')
 5 SYSTEMPATH\CodeIgniter.php(353): CodeIgniter\CodeIgniter->handleRequest(null, Object(Config\Cache), false)
 6 FCPATH\index.php(79): CodeIgniter\CodeIgniter->run()
 7 SYSTEMPATH\Commands\Server\rewrite.php(47): require_once('C:\\laragon\\www\\ITC\\public\\index.php')
CRITICAL - 2023-10-01 08:14:39 --> Cannot declare class Config\Routes, because the name is already in use
in APPPATH\Config\Routes.php on line 9.
 1 [internal function]: CodeIgniter\Debug\Exceptions->shutdownHandler()
CRITICAL - 2023-10-01 08:25:50 --> Cannot declare class Config\Routes, because the name is already in use
in APPPATH\Config\Routes.php on line 9.
 1 [internal function]: CodeIgniter\Debug\Exceptions->shutdownHandler()
CRITICAL - 2023-10-01 08:35:23 --> Cannot declare class Config\Routes, because the name is already in use
in APPPATH\Config\Routes.php on line 9.
 1 [internal function]: CodeIgniter\Debug\Exceptions->shutdownHandler()
CRITICAL - 2023-10-01 08:39:58 --> Cannot declare class Config\Routes, because the name is already in use
in APPPATH\Config\Routes.php on line 9.
 1 [internal function]: CodeIgniter\Debug\Exceptions->shutdownHandler()
CRITICAL - 2023-10-01 08:42:56 --> Cannot declare class Config\Routes, because the name is already in use
in APPPATH\Config\Routes.php on line 7.
 1 [internal function]: CodeIgniter\Debug\Exceptions->shutdownHandler()
CRITICAL - 2023-10-01 08:52:15 --> Cannot declare class Config\AppRoutes, because the name is already in use
in APPPATH\Config\Routes.php on line 7.
 1 [internal function]: CodeIgniter\Debug\Exceptions->shutdownHandler()
CRITICAL - 2023-10-01 09:37:09 --> Cannot declare class Config\AppRoutes, because the name is already in use
in APPPATH\Config\Routes.php on line 7.
 1 [internal function]: CodeIgniter\Debug\Exceptions->shutdownHandler()
